<?xml version="1.0" encoding="UTF-8"?>
<coverage generated="1730283578883" clover="3.2.0">
  <project timestamp="1730283578883" name="All files">
    <metrics statements="251" coveredstatements="242" conditionals="104" coveredconditionals="97" methods="29" coveredmethods="28" elements="384" coveredelements="367" complexity="0" loc="251" ncloc="251" packages="1" files="7" classes="7"/>
    <file name="debug.js" path="/Users/tmb/GitHub/jetpack/projects/github-actions/test-results-to-slack/src/debug.js">
      <metrics statements="4" coveredstatements="2" conditionals="2" coveredconditionals="1" methods="2" coveredmethods="1"/>
      <line num="7" count="118" type="cond" truecount="1" falsecount="1"/>
      <line num="8" count="0" type="stmt"/>
      <line num="18" count="0" type="stmt"/>
      <line num="21" count="71" type="stmt"/>
    </file>
    <file name="extra-context.js" path="/Users/tmb/GitHub/jetpack/projects/github-actions/test-results-to-slack/src/extra-context.js">
      <metrics statements="2" coveredstatements="2" conditionals="0" coveredconditionals="0" methods="0" coveredmethods="0"/>
      <line num="1" count="56" type="stmt"/>
      <line num="9" count="56" type="stmt"/>
    </file>
    <file name="github.js" path="/Users/tmb/GitHub/jetpack/projects/github-actions/test-results-to-slack/src/github.js">
      <metrics statements="14" coveredstatements="14" conditionals="3" coveredconditionals="3" methods="5" coveredmethods="5"/>
      <line num="1" count="36" type="stmt"/>
      <line num="2" count="36" type="stmt"/>
      <line num="12" count="4" type="stmt"/>
      <line num="14" count="4" type="stmt"/>
      <line num="15" count="4" type="stmt"/>
      <line num="16" count="4" type="stmt"/>
      <line num="19" count="4" type="stmt"/>
      <line num="26" count="4" type="stmt"/>
      <line num="28" count="6" type="stmt"/>
      <line num="33" count="4" type="stmt"/>
      <line num="43" count="64" type="stmt"/>
      <line num="44" count="64" type="stmt"/>
      <line num="45" count="64" type="stmt"/>
      <line num="50" count="36" type="stmt"/>
    </file>
    <file name="message.js" path="/Users/tmb/GitHub/jetpack/projects/github-actions/test-results-to-slack/src/message.js">
      <metrics statements="86" coveredstatements="86" conditionals="34" coveredconditionals="33" methods="4" coveredmethods="4"/>
      <line num="1" count="32" type="stmt"/>
      <line num="2" count="32" type="stmt"/>
      <line num="3" count="32" type="stmt"/>
      <line num="4" count="32" type="stmt"/>
      <line num="5" count="32" type="stmt"/>
      <line num="6" count="32" type="stmt"/>
      <line num="7" count="32" type="stmt"/>
      <line num="8" count="32" type="stmt"/>
      <line num="11" count="32" type="stmt"/>
      <line num="12" count="32" type="stmt"/>
      <line num="23" count="32" type="stmt"/>
      <line num="25" count="32" type="stmt"/>
      <line num="26" count="32" type="stmt"/>
      <line num="28" count="32" type="stmt"/>
      <line num="31" count="32" type="stmt"/>
      <line num="32" count="32" type="stmt"/>
      <line num="33" count="32" type="stmt"/>
      <line num="35" count="32" type="cond" truecount="2" falsecount="0"/>
      <line num="36" count="4" type="stmt"/>
      <line num="37" count="4" type="stmt"/>
      <line num="38" count="4" type="stmt"/>
      <line num="40" count="4" type="stmt"/>
      <line num="41" count="4" type="stmt"/>
      <line num="44" count="32" type="cond" truecount="2" falsecount="0"/>
      <line num="45" count="6" type="stmt"/>
      <line num="46" count="6" type="stmt"/>
      <line num="47" count="6" type="stmt"/>
      <line num="48" count="6" type="cond" truecount="2" falsecount="0"/>
      <line num="50" count="6" type="stmt"/>
      <line num="54" count="6" type="stmt"/>
      <line num="57" count="32" type="cond" truecount="2" falsecount="0"/>
      <line num="58" count="4" type="stmt"/>
      <line num="59" count="4" type="stmt"/>
      <line num="60" count="4" type="stmt"/>
      <line num="61" count="4" type="cond" truecount="1" falsecount="1"/>
      <line num="63" count="4" type="stmt"/>
      <line num="69" count="32" type="cond" truecount="2" falsecount="0"/>
      <line num="70" count="6" type="stmt"/>
      <line num="73" count="6" type="stmt"/>
      <line num="74" count="6" type="stmt"/>
      <line num="76" count="6" type="stmt"/>
      <line num="77" count="6" type="stmt"/>
      <line num="80" count="32" type="cond" truecount="2" falsecount="0"/>
      <line num="81" count="6" type="stmt"/>
      <line num="83" count="6" type="cond" truecount="2" falsecount="0"/>
      <line num="84" count="2" type="stmt"/>
      <line num="85" count="2" type="stmt"/>
      <line num="86" count="2" type="stmt"/>
      <line num="90" count="2" type="cond" truecount="2" falsecount="0"/>
      <line num="91" count="1" type="stmt"/>
      <line num="92" count="1" type="stmt"/>
      <line num="95" count="4" type="stmt"/>
      <line num="99" count="32" type="stmt"/>
      <line num="101" count="32" type="cond" truecount="2" falsecount="0"/>
      <line num="102" count="32" type="cond" truecount="2" falsecount="0"/>
      <line num="103" count="32" type="stmt"/>
      <line num="104" count="32" type="cond" truecount="2" falsecount="0"/>
      <line num="105" count="32" type="stmt"/>
      <line num="107" count="32" type="stmt"/>
      <line num="125" count="32" type="stmt"/>
      <line num="137" count="32" type="stmt"/>
      <line num="139" count="32" type="stmt"/>
      <line num="149" count="86" type="stmt"/>
      <line num="164" count="49" type="stmt"/>
      <line num="183" count="4" type="stmt"/>
      <line num="184" count="4" type="stmt"/>
      <line num="185" count="4" type="stmt"/>
      <line num="187" count="4" type="stmt"/>
      <line num="188" count="4" type="stmt"/>
      <line num="189" count="4" type="cond" truecount="2" falsecount="0"/>
      <line num="191" count="4" type="cond" truecount="2" falsecount="0"/>
      <line num="192" count="2" type="stmt"/>
      <line num="193" count="2" type="stmt"/>
      <line num="195" count="2" type="stmt"/>
      <line num="203" count="2" type="cond" truecount="2" falsecount="0"/>
      <line num="204" count="1" type="stmt"/>
      <line num="206" count="1" type="stmt"/>
      <line num="216" count="2" type="stmt"/>
      <line num="217" count="2" type="cond" truecount="2" falsecount="0"/>
      <line num="218" count="1" type="stmt"/>
      <line num="220" count="1" type="stmt"/>
      <line num="227" count="1" type="stmt"/>
      <line num="229" count="1" type="stmt"/>
      <line num="231" count="1" type="stmt"/>
      <line num="240" count="1" type="stmt"/>
      <line num="245" count="32" type="stmt"/>
    </file>
    <file name="playwright.js" path="/Users/tmb/GitHub/jetpack/projects/github-actions/test-results-to-slack/src/playwright.js">
      <metrics statements="66" coveredstatements="63" conditionals="24" coveredconditionals="22" methods="11" coveredmethods="11"/>
      <line num="1" count="40" type="stmt"/>
      <line num="2" count="40" type="stmt"/>
      <line num="3" count="40" type="stmt"/>
      <line num="4" count="40" type="stmt"/>
      <line num="12" count="37" type="stmt"/>
      <line num="13" count="37" type="stmt"/>
      <line num="14" count="37" type="stmt"/>
      <line num="15" count="37" type="stmt"/>
      <line num="16" count="37" type="stmt"/>
      <line num="18" count="37" type="stmt"/>
      <line num="19" count="4" type="stmt"/>
      <line num="21" count="4" type="stmt"/>
      <line num="22" count="40" type="stmt"/>
      <line num="26" count="4" type="stmt"/>
      <line num="27" count="4" type="stmt"/>
      <line num="28" count="81" type="cond" truecount="2" falsecount="0"/>
      <line num="29" count="3" type="stmt"/>
      <line num="32" count="3" type="stmt"/>
      <line num="33" count="3" type="stmt"/>
      <line num="34" count="5" type="cond" truecount="1" falsecount="1"/>
      <line num="35" count="5" type="stmt"/>
      <line num="54" count="5" type="stmt"/>
      <line num="55" count="43" type="cond" truecount="2" falsecount="0"/>
      <line num="58" count="19" type="stmt"/>
      <line num="70" count="37" type="cond" truecount="1" falsecount="1"/>
      <line num="71" count="0" type="stmt"/>
      <line num="74" count="37" type="cond" truecount="2" falsecount="0"/>
      <line num="75" count="2" type="stmt"/>
      <line num="98" count="37" type="stmt"/>
      <line num="107" count="37" type="stmt"/>
      <line num="108" count="37" type="stmt"/>
      <line num="110" count="37" type="stmt"/>
      <line num="111" count="4" type="stmt"/>
      <line num="112" count="4" type="stmt"/>
      <line num="113" count="4" type="stmt"/>
      <line num="114" count="4" type="stmt"/>
      <line num="116" count="0" type="stmt"/>
      <line num="117" count="0" type="stmt"/>
      <line num="121" count="37" type="stmt"/>
      <line num="130" count="37" type="stmt"/>
      <line num="131" count="37" type="stmt"/>
      <line num="133" count="37" type="cond" truecount="2" falsecount="0"/>
      <line num="134" count="4" type="stmt"/>
      <line num="136" count="33" type="stmt"/>
      <line num="139" count="37" type="cond" truecount="2" falsecount="0"/>
      <line num="140" count="34" type="stmt"/>
      <line num="143" count="37" type="stmt"/>
      <line num="154" count="22" type="stmt"/>
      <line num="156" count="22" type="cond" truecount="2" falsecount="0"/>
      <line num="157" count="3" type="stmt"/>
      <line num="158" count="3" type="stmt"/>
      <line num="160" count="3" type="stmt"/>
      <line num="162" count="3" type="cond" truecount="2" falsecount="0"/>
      <line num="163" count="2" type="stmt"/>
      <line num="166" count="3" type="cond" truecount="2" falsecount="0"/>
      <line num="167" count="1" type="stmt"/>
      <line num="168" count="1" type="stmt"/>
      <line num="171" count="22" type="stmt"/>
      <line num="181" count="23" type="stmt"/>
      <line num="182" count="40" type="stmt"/>
      <line num="183" count="40" type="stmt"/>
      <line num="184" count="40" type="cond" truecount="2" falsecount="0"/>
      <line num="185" count="19" type="stmt"/>
      <line num="186" count="19" type="stmt"/>
      <line num="188" count="40" type="stmt"/>
      <line num="192" count="40" type="stmt"/>
    </file>
    <file name="rules.js" path="/Users/tmb/GitHub/jetpack/projects/github-actions/test-results-to-slack/src/rules.js">
      <metrics statements="34" coveredstatements="34" conditionals="20" coveredconditionals="20" methods="1" coveredmethods="1"/>
      <line num="1" count="19" type="stmt"/>
      <line num="2" count="19" type="stmt"/>
      <line num="3" count="19" type="stmt"/>
      <line num="4" count="19" type="stmt"/>
      <line num="5" count="19" type="stmt"/>
      <line num="12" count="19" type="stmt"/>
      <line num="13" count="19" type="stmt"/>
      <line num="14" count="19" type="stmt"/>
      <line num="15" count="19" type="stmt"/>
      <line num="18" count="19" type="cond" truecount="2" falsecount="0"/>
      <line num="19" count="1" type="stmt"/>
      <line num="20" count="1" type="stmt"/>
      <line num="22" count="18" type="stmt"/>
      <line num="25" count="18" type="stmt"/>
      <line num="26" count="18" type="stmt"/>
      <line num="28" count="18" type="cond" truecount="2" falsecount="0"/>
      <line num="29" count="13" type="stmt"/>
      <line num="30" count="14" type="cond" truecount="4" falsecount="0"/>
      <line num="31" count="8" type="stmt"/>
      <line num="34" count="14" type="cond" truecount="2" falsecount="0"/>
      <line num="35" count="9" type="stmt"/>
      <line num="40" count="18" type="cond" truecount="2" falsecount="0"/>
      <line num="41" count="6" type="stmt"/>
      <line num="42" count="6" type="cond" truecount="2" falsecount="0"/>
      <line num="43" count="4" type="stmt"/>
      <line num="46" count="6" type="cond" truecount="2" falsecount="0"/>
      <line num="47" count="3" type="stmt"/>
      <line num="52" count="18" type="cond" truecount="4" falsecount="0"/>
      <line num="53" count="2" type="stmt"/>
      <line num="54" count="2" type="stmt"/>
      <line num="58" count="19" type="stmt"/>
      <line num="59" count="19" type="stmt"/>
      <line num="60" count="19" type="stmt"/>
      <line num="63" count="19" type="stmt"/>
    </file>
    <file name="slack.js" path="/Users/tmb/GitHub/jetpack/projects/github-actions/test-results-to-slack/src/slack.js">
      <metrics statements="45" coveredstatements="41" conditionals="21" coveredconditionals="18" methods="6" coveredmethods="6"/>
      <line num="1" count="44" type="stmt"/>
      <line num="2" count="44" type="stmt"/>
      <line num="13" count="3" type="cond" truecount="0" falsecount="1"/>
      <line num="15" count="3" type="cond" truecount="2" falsecount="0"/>
      <line num="21" count="3" type="stmt"/>
      <line num="23" count="3" type="stmt"/>
      <line num="25" count="4" type="cond" truecount="2" falsecount="0"/>
      <line num="26" count="1" type="cond" truecount="1" falsecount="1"/>
      <line num="27" count="0" type="stmt"/>
      <line num="28" count="0" type="stmt"/>
      <line num="31" count="1" type="stmt"/>
      <line num="32" count="1" type="stmt"/>
      <line num="38" count="0" type="stmt"/>
      <line num="41" count="3" type="stmt"/>
      <line num="42" count="3" type="stmt"/>
      <line num="54" count="0" type="stmt"/>
      <line num="59" count="3" type="stmt"/>
      <line num="70" count="2" type="stmt"/>
      <line num="71" count="2" type="stmt"/>
      <line num="72" count="5" type="stmt"/>
      <line num="73" count="5" type="stmt"/>
      <line num="75" count="2" type="stmt"/>
      <line num="88" count="7" type="stmt"/>
      <line num="89" count="7" type="stmt"/>
      <line num="91" count="7" type="stmt"/>
      <line num="92" count="17" type="cond" truecount="2" falsecount="0"/>
      <line num="93" count="5" type="cond" truecount="2" falsecount="0"/>
      <line num="94" count="2" type="stmt"/>
      <line num="96" count="5" type="stmt"/>
      <line num="97" count="5" type="stmt"/>
      <line num="101" count="7" type="cond" truecount="2" falsecount="0"/>
      <line num="102" count="4" type="stmt"/>
      <line num="105" count="7" type="stmt"/>
      <line num="117" count="7" type="stmt"/>
      <line num="118" count="7" type="stmt"/>
      <line num="120" count="7" type="stmt"/>
      <line num="121" count="11" type="cond" truecount="2" falsecount="0"/>
      <line num="126" count="7" type="stmt"/>
      <line num="138" count="5" type="stmt"/>
      <line num="143" count="5" type="stmt"/>
      <line num="148" count="5" type="cond" truecount="3" falsecount="1"/>
      <line num="151" count="7" type="stmt"/>
      <line num="154" count="5" type="cond" truecount="2" falsecount="0"/>
      <line num="156" count="5" type="stmt"/>
      <line num="159" count="44" type="stmt"/>
    </file>
  </project>
</coverage>
